<?xml version="1.0" encoding="UTF-8"?>
<testng-results skipped="0" failed="0" ignored="0" total="2" passed="2">
  <reporter-output>
  </reporter-output>
  <suite name="ActiTime Cucumber Automation" duration-ms="77213" started-at="2021-01-17T14:15:58Z" finished-at="2021-01-17T14:17:15Z">
    <groups>
      <group name="cucumber">
        <method signature="DriverScript.feature(cucumber.api.testng.CucumberFeatureWrapper)[pri:0, instance:com.gowrisoft.usermgmt.testsuite.DriverScript@3a03464]" name="feature" class="com.gowrisoft.usermgmt.testsuite.DriverScript"/>
      </group> <!-- cucumber -->
    </groups>
    <test name="Test SCenarios" duration-ms="77213" started-at="2021-01-17T14:15:58Z" finished-at="2021-01-17T14:17:15Z">
      <class name="com.gowrisoft.usermgmt.testsuite.DriverScript">
        <test-method status="PASS" signature="setUpClass()[pri:0, instance:com.gowrisoft.usermgmt.testsuite.DriverScript@3a03464]" name="setUpClass" is-config="true" duration-ms="202" started-at="2021-01-17T19:45:58Z" finished-at="2021-01-17T19:45:58Z">
          <reporter-output>
          </reporter-output>
        </test-method> <!-- setUpClass -->
        <test-method status="PASS" signature="feature(cucumber.api.testng.CucumberFeatureWrapper)[pri:0, instance:com.gowrisoft.usermgmt.testsuite.DriverScript@3a03464]" name="feature" duration-ms="38926" started-at="2021-01-17T19:45:58Z" description="Runs Cucumber Feature" data-provider="features" finished-at="2021-01-17T19:46:37Z">
          <params>
            <param index="0">
              <value>
                <![CDATA[Create and Modify Company with All Mandatory fields]]>
              </value>
            </param>
          </params>
          <reporter-output>
          </reporter-output>
        </test-method> <!-- feature -->
        <test-method status="PASS" signature="feature(cucumber.api.testng.CucumberFeatureWrapper)[pri:0, instance:com.gowrisoft.usermgmt.testsuite.DriverScript@3a03464]" name="feature" duration-ms="37575" started-at="2021-01-17T19:46:37Z" description="Runs Cucumber Feature" data-provider="features" finished-at="2021-01-17T19:47:14Z">
          <params>
            <param index="0">
              <value>
                <![CDATA[Create and Modify User with All Mandatory fields]]>
              </value>
            </param>
          </params>
          <reporter-output>
          </reporter-output>
        </test-method> <!-- feature -->
        <test-method status="PASS" signature="tearDownClass()[pri:0, instance:com.gowrisoft.usermgmt.testsuite.DriverScript@3a03464]" name="tearDownClass" is-config="true" duration-ms="389" started-at="2021-01-17T19:47:14Z" finished-at="2021-01-17T19:47:15Z">
          <reporter-output>
          </reporter-output>
        </test-method> <!-- tearDownClass -->
        <test-method status="PASS" signature="writeExtentReport()[pri:0, instance:com.gowrisoft.usermgmt.testsuite.DriverScript@3a03464]" name="writeExtentReport" is-config="true" duration-ms="28" started-at="2021-01-17T19:47:15Z" finished-at="2021-01-17T19:47:15Z">
          <reporter-output>
          </reporter-output>
        </test-method> <!-- writeExtentReport -->
      </class> <!-- com.gowrisoft.usermgmt.testsuite.DriverScript -->
    </test> <!-- Test SCenarios -->
  </suite> <!-- ActiTime Cucumber Automation -->
</testng-results>
